<?xml version="1.0" encoding="UTF-8"?>
<!-- Generated by org.testng.reporters.JUnitXMLReporter -->
<testsuite hostname="Sharaths-MacBook-Air.local" ignored="0" name="Internet Explorer Test" tests="1" failures="1" timestamp="23 Jan 2018 12:04:20 GMT" time="0.329" errors="0">
  <testcase name="@AfterTest endTest" time="0.0" classname="com.test.insta.instawork.TC001_InstaworkSearchTest">
    <failure type="java.lang.NullPointerException">
      <![CDATA[java.lang.NullPointerExceptionat com.test.insta.instawork.TC001_InstaworkSearchTest.endTest(TC001_InstaworkSearchTest.java:65)... Removed 24 stack frames]]>
    </failure>
  </testcase> <!-- @AfterTest endTest -->
  <testcase name="instaworkSearchTest" time="0.002" classname="com.test.insta.instawork.TC001_InstaworkSearchTest">
    <failure type="java.lang.NullPointerException">
      <![CDATA[java.lang.NullPointerExceptionat com.test.insta.instawork.uiActions.InstaworkSearchPage.getUrl(InstaworkSearchPage.java:56)at com.test.insta.instawork.TC001_InstaworkSearchTest.instaworkSearchTest(TC001_InstaworkSearchTest.java:58)... Removed 25 stack frames]]>
    </failure>
  </testcase> <!-- instaworkSearchTest -->
</testsuite> <!-- Internet Explorer Test -->
